# JRE version: OpenJDK Runtime Environment (8.0_121-b13) (build 1.8.0_121-8u121-b13-0ubuntu1.16.04.2-b13)
# Java VM: OpenJDK 64-Bit Server VM (25.121-b13 mixed mode linux-amd64 compressed oops)
Heap:
 PSYoungGen      total 297472K, used 0K [0x00000000d5580000, 0x00000000ffb00000, 0x0000000100000000)
  eden space 232960K, 0% used [0x00000000d5580000,0x00000000d5580000,0x00000000e3900000)
  from space 64512K, 0% used [0x00000000e3900000,0x00000000e3900000,0x00000000e7800000)
  to   space 230400K, 0% used [0x00000000f1a00000,0x00000000f1a00000,0x00000000ffb00000)
 ParOldGen       total 873472K, used 810013K [0x0000000080000000, 0x00000000b5500000, 0x00000000d5580000)
  object space 873472K, 92% used [0x0000000080000000,0x00000000b17075a0,0x00000000b5500000)
 Metaspace       used 77468K, capacity 79654K, committed 79872K, reserved 1118208K
  class space    used 9746K, capacity 10212K, committed 10240K, reserved 1048576K
GC Heap History (10 events):
Event: 274.039 GC heap after
Heap after GC invocations=54 (full 9):
 PSYoungGen      total 465920K, used 57581K [0x00000000d5580000, 0x0000000100000000, 0x0000000100000000)
  eden space 232960K, 0% used [0x00000000d5580000,0x00000000d5580000,0x00000000e3900000)
  from space 232960K, 24% used [0x00000000e3900000,0x00000000e713b640,0x00000000f1c80000)
  to   space 232960K, 0% used [0x00000000f1c80000,0x00000000f1c80000,0x0000000100000000)
 ParOldGen       total 873472K, used 583395K [0x0000000080000000, 0x00000000b5500000, 0x00000000d5580000)
  object space 873472K, 66% used [0x0000000080000000,0x00000000a39b8d98,0x00000000b5500000)
 Metaspace       used 77462K, capacity 79654K, committed 79872K, reserved 1118208K
  class space    used 9746K, capacity 10212K, committed 10240K, reserved 1048576K
}
Event: 274.438 GC heap before
{Heap before GC invocations=55 (full 9):
 PSYoungGen      total 465920K, used 290541K [0x00000000d5580000, 0x0000000100000000, 0x0000000100000000)
  eden space 232960K, 100% used [0x00000000d5580000,0x00000000e3900000,0x00000000e3900000)
  from space 232960K, 24% used [0x00000000e3900000,0x00000000e713b640,0x00000000f1c80000)
  to   space 232960K, 0% used [0x00000000f1c80000,0x00000000f1c80000,0x0000000100000000)
 ParOldGen       total 873472K, used 583395K [0x0000000080000000, 0x00000000b5500000, 0x00000000d5580000)
  object space 873472K, 66% used [0x0000000080000000,0x00000000a39b8d98,0x00000000b5500000)
 Metaspace       used 77465K, capacity 79654K, committed 79872K, reserved 1118208K
  class space    used 9746K, capacity 10212K, committed 10240K, reserved 1048576K
Event: 274.619 GC heap after
Heap after GC invocations=55 (full 9):
 PSYoungGen      total 465920K, used 58932K [0x00000000d5580000, 0x0000000100000000, 0x0000000100000000)
  eden space 232960K, 0% used [0x00000000d5580000,0x00000000d5580000,0x00000000e3900000)
  from space 232960K, 25% used [0x00000000f1c80000,0x00000000f560d1f8,0x0000000100000000)
  to   space 232960K, 0% used [0x00000000e3900000,0x00000000e3900000,0x00000000f1c80000)
 ParOldGen       total 873472K, used 635167K [0x0000000080000000, 0x00000000b5500000, 0x00000000d5580000)
  object space 873472K, 72% used [0x0000000080000000,0x00000000a6c47f58,0x00000000b5500000)
 Metaspace       used 77465K, capacity 79654K, committed 79872K, reserved 1118208K
  class space    used 9746K, capacity 10212K, committed 10240K, reserved 1048576K
}
Event: 274.998 GC heap before
{Heap before GC invocations=56 (full 9):
 PSYoungGen      total 465920K, used 291892K [0x00000000d5580000, 0x0000000100000000, 0x0000000100000000)
  eden space 232960K, 100% used [0x00000000d5580000,0x00000000e3900000,0x00000000e3900000)
  from space 232960K, 25% used [0x00000000f1c80000,0x00000000f560d1f8,0x0000000100000000)
  to   space 232960K, 0% used [0x00000000e3900000,0x00000000e3900000,0x00000000f1c80000)
 ParOldGen       total 873472K, used 635167K [0x0000000080000000, 0x00000000b5500000, 0x00000000d5580000)
  object space 873472K, 72% used [0x0000000080000000,0x00000000a6c47f58,0x00000000b5500000)
 Metaspace       used 77465K, capacity 79654K, committed 79872K, reserved 1118208K
  class space    used 9746K, capacity 10212K, committed 10240K, reserved 1048576K
Event: 275.150 GC heap after
Heap after GC invocations=56 (full 9):
 PSYoungGen      total 465920K, used 61847K [0x00000000d5580000, 0x0000000100000000, 0x0000000100000000)
  eden space 232960K, 0% used [0x00000000d5580000,0x00000000d5580000,0x00000000e3900000)
  from space 232960K, 26% used [0x00000000e3900000,0x00000000e7565ea0,0x00000000f1c80000)
  to   space 232960K, 0% used [0x00000000f1c80000,0x00000000f1c80000,0x0000000100000000)
 ParOldGen       total 873472K, used 687756K [0x0000000080000000, 0x00000000b5500000, 0x00000000d5580000)
  object space 873472K, 78% used [0x0000000080000000,0x00000000a9fa3128,0x00000000b5500000)
 Metaspace       used 77465K, capacity 79654K, committed 79872K, reserved 1118208K
  class space    used 9746K, capacity 10212K, committed 10240K, reserved 1048576K
}
Event: 275.581 GC heap before
{Heap before GC invocations=57 (full 9):
 PSYoungGen      total 465920K, used 294807K [0x00000000d5580000, 0x0000000100000000, 0x0000000100000000)
  eden space 232960K, 100% used [0x00000000d5580000,0x00000000e3900000,0x00000000e3900000)
  from space 232960K, 26% used [0x00000000e3900000,0x00000000e7565ea0,0x00000000f1c80000)
  to   space 232960K, 0% used [0x00000000f1c80000,0x00000000f1c80000,0x0000000100000000)
 ParOldGen       total 873472K, used 687756K [0x0000000080000000, 0x00000000b5500000, 0x00000000d5580000)
  object space 873472K, 78% used [0x0000000080000000,0x00000000a9fa3128,0x00000000b5500000)
 Metaspace       used 77465K, capacity 79654K, committed 79872K, reserved 1118208K
  class space    used 9746K, capacity 10212K, committed 10240K, reserved 1048576K
Event: 275.740 GC heap after
Heap after GC invocations=57 (full 9):
 PSYoungGen      total 465920K, used 59081K [0x00000000d5580000, 0x0000000100000000, 0x0000000100000000)
  eden space 232960K, 0% used [0x00000000d5580000,0x00000000d5580000,0x00000000e3900000)
  from space 232960K, 25% used [0x00000000f1c80000,0x00000000f5632778,0x0000000100000000)
  to   space 232960K, 0% used [0x00000000e3900000,0x00000000e3900000,0x00000000f1c80000)
 ParOldGen       total 873472K, used 742316K [0x0000000080000000, 0x00000000b5500000, 0x00000000d5580000)
  object space 873472K, 84% used [0x0000000080000000,0x00000000ad4eb260,0x00000000b5500000)
 Metaspace       used 77465K, capacity 79654K, committed 79872K, reserved 1118208K
  class space    used 9746K, capacity 10212K, committed 10240K, reserved 1048576K
}
Event: 276.134 GC heap before
{Heap before GC invocations=58 (full 9):
 PSYoungGen      total 465920K, used 292041K [0x00000000d5580000, 0x0000000100000000, 0x0000000100000000)
  eden space 232960K, 100% used [0x00000000d5580000,0x00000000e3900000,0x00000000e3900000)
  from space 232960K, 25% used [0x00000000f1c80000,0x00000000f5632778,0x0000000100000000)
  to   space 232960K, 0% used [0x00000000e3900000,0x00000000e3900000,0x00000000f1c80000)
 ParOldGen       total 873472K, used 742565K [0x0000000080000000, 0x00000000b5500000, 0x00000000d5580000)
  object space 873472K, 85% used [0x0000000080000000,0x00000000ad529518,0x00000000b5500000)
 Metaspace       used 77468K, capacity 79654K, committed 79872K, reserved 1118208K
  class space    used 9746K, capacity 10212K, committed 10240K, reserved 1048576K
Event: 276.278 GC heap after
Heap after GC invocations=58 (full 9):
 PSYoungGen      total 297472K, used 64304K [0x00000000d5580000, 0x00000000ffb00000, 0x0000000100000000)
  eden space 232960K, 0% used [0x00000000d5580000,0x00000000d5580000,0x00000000e3900000)
  from space 64512K, 99% used [0x00000000e3900000,0x00000000e77cc048,0x00000000e7800000)
  to   space 230400K, 0% used [0x00000000f1a00000,0x00000000f1a00000,0x00000000ffb00000)
 ParOldGen       total 873472K, used 794917K [0x0000000080000000, 0x00000000b5500000, 0x00000000d5580000)
  object space 873472K, 91% used [0x0000000080000000,0x00000000b0849558,0x00000000b5500000)
 Metaspace       used 77468K, capacity 79654K, committed 79872K, reserved 1118208K
  class space    used 9746K, capacity 10212K, committed 10240K, reserved 1048576K
}
Event: 276.278 GC heap before
{Heap before GC invocations=59 (full 10):
 PSYoungGen      total 297472K, used 64304K [0x00000000d5580000, 0x00000000ffb00000, 0x0000000100000000)
  eden space 232960K, 0% used [0x00000000d5580000,0x00000000d5580000,0x00000000e3900000)
  from space 64512K, 99% used [0x00000000e3900000,0x00000000e77cc048,0x00000000e7800000)
  to   space 230400K, 0% used [0x00000000f1a00000,0x00000000f1a00000,0x00000000ffb00000)
 ParOldGen       total 873472K, used 794917K [0x0000000080000000, 0x00000000b5500000, 0x00000000d5580000)
  object space 873472K, 91% used [0x0000000080000000,0x00000000b0849558,0x00000000b5500000)
 Metaspace       used 77468K, capacity 79654K, committed 79872K, reserved 1118208K
  class space    used 9746K, capacity 10212K, committed 10240K, reserved 1048576K

